Running crash triage...

Running test 1: Create and use enclave in same thread, destroy in main thread
Starting enclave in thread: 1
Enclave started in thread: 1
Loading SimpleService in thread: 1
SimpleService loaded in thread: 1
Making calls to SimpleService in thread: 1
Response from enclave in thread main: 0 olleH
Response from enclave in thread main: 1 olleH
Response from enclave in thread main: 2 olleH
Response from enclave in thread main: 3 olleH
Response from enclave in thread main: 4 olleH
Done

------------------------------------------------------------------------------


Running test 2: Create enclave in main thread, use in another thread, destroy in main thread
Starting enclave in thread: 1
Enclave started in thread: 1
Loading SimpleService in thread: 1
SimpleService loaded in thread: 1
Response from enclave in thread 26: 0 daerht morf olleH
Response from enclave in thread 26: 1 daerht morf olleH
Response from enclave in thread 26: 2 daerht morf olleH
Response from enclave in thread 26: 3 daerht morf olleH
Response from enclave in thread 26: 4 daerht morf olleH

------------------------------------------------------------------------------


Running test 3: Create enclave in one thread, use and destroy in same thread
Starting enclave in thread: 27
Enclave started in thread: 27
Loading SimpleService in thread: 27
SimpleService loaded in thread: 27
Making calls to SimpleService in thread: 27
Response from enclave in thread 27: 0 daerht morf olleH
Response from enclave in thread 27: 1 daerht morf olleH
Response from enclave in thread 27: 2 daerht morf olleH
Response from enclave in thread 27: 3 daerht morf olleH
Response from enclave in thread 27: 4 daerht morf olleH
Done

------------------------------------------------------------------------------


Running test 4: Create and use enclave in one thread, destroy in main thread
Starting enclave in thread: 30
Enclave started in thread: 30
Loading SimpleService in thread: 30
SimpleService loaded in thread: 30
Making calls to SimpleService in thread: 30
Response from enclave in thread 30: 0 daerht morf olleH
Response from enclave in thread 30: 1 daerht morf olleH
Response from enclave in thread 30: 2 daerht morf olleH
Response from enclave in thread 30: 3 daerht morf olleH
Response from enclave in thread 30: 4 daerht morf olleH
Done
Fatal error: StackOverflowError: Enabling the yellow zone of the stack did not make any stack space available. Possible reasons for that: 1) A call from native code to Java code provided the wrong JNI environment or the wrong IsolateThread; 2) Frames of native code filled the stack, and now there is not even enough stack space left to throw a regular StackOverflowError; 3) An internal VM error occurred.

Current timestamp: 1763139265077

Printing Instructions (ip=0x00007f0500109040):
  0x00007f0500109020: 0x00 0x41 0xc7 0x87 0xfc 0x00 0x00 0x00 0xfe 0xfe 0xfe 0x7e 0x48 0x8b 0x7c 0x24
  0x00007f0500109030: 0x20 0x48 0x8b 0x74 0x24 0x10 0x48 0x8b 0x54 0x24 0x18 0xe8 0x90 0xfc 0xff 0xff
  0x00007f0500109040: 0x90 0xcc 0xcc 0xcc 0xcc 0xcc 0xcc 0xcc 0xcc 0xcc 0xcc 0xcc 0xcc 0xcc 0xcc 0xcc
  0x00007f0500109050: 0x48 0x83 0xec 0x18 0x49 0x3b 0x67 0x08 0x0f 0x86 0xb0 0x00 0x00 0x00 0x48 0x8b

Top of stack (sp=0x00007f05a2166980):
  0x00007f05a2166980: 0xcccccccccccccccc 0xcccccccccccccccc
  0x00007f05a2166990: 0x00007f05015e0578 0x00007f0501300000
  0x00007f05a21669a0: 0x00007f05000f8b0c 0x00007f0500149854
  0x00007f05a21669b0: 0xcccccccccccccccc 0x00007f05000f8b0c
  0x00007f05a21669c0: 0xcccccccccccccccc 0xcccccccccccccccc
  0x00007f05a21669d0: 0xcccccccccccccccc 0x00007f05000f8e48
  0x00007f05a21669e0: 0xcccccccccccccccc 0xcccccccccccccccc
  0x00007f05a21669f0: 0x0000000000000000 0x0000000000000000
  0x00007f05a2166a00: 0x0000000000000000 0x0000000000000000
  0x00007f05a2166a10: 0x0000000000000000 0x0000000000000000
  0x00007f05a2166a20: 0x0000000000000000 0x0000000000000000
  0x00007f05a2166a30: 0x0000000000000000 0x0000000000000000
  0x00007f05a2166a40: 0x0000000000000000 0x0000000000000000
  0x00007f05a2166a50: 0x0000000000000000 0x0000000000000000
  0x00007f05a2166a60: 0x0000000000000000 0x0000000000000000
  0x00007f05a2166a70: 0x0000000000000000 0x0000000000000000
  0x00007f05a2166a80: 0x0000000000000000 0x0000000000000000
  0x00007f05a2166a90: 0x0000000000000000 0x0000000000000000
  0x00007f05a2166aa0: 0x0000000000000000 0x0000000000000000
  0x00007f05a2166ab0: 0x0000000000000000 0x0000000000000000
  0x00007f05a2166ac0: 0x0000000000000000 0x0000000000000000
  0x00007f05a2166ad0: 0x0000000000000000 0x0000000000000000
  0x00007f05a2166ae0: 0x0000000000000000 0x0000000000000000
  0x00007f05a2166af0: 0x00007f06f28587d0 0x00007f05a2177000
  0x00007f05a2166b00: 0x00007f0500693e16 0x0000000000000000
  0x00007f05a2166b10: 0x00007f05a2166b28 0x0000000000000000
  0x00007f05a2166b20: 0x00007f0501d38040 0x0000000000000001
  0x00007f05a2166b30: 0x00007f05a2166be0 0x0000000000000000
  0x00007f05a2166b40: 0x0000000000000000 0x0000000000000000
  0x00007f05a2166b50: 0x0000000000000000 0x00007f0500145e84
  0x00007f05a2166b60: 0x00007f05a2166c10 0x00007f05a2166c20
  0x00007f05a2166b70: 0x0000000000000008 0x00007f05000c2643

Top frame info:
  TotalFrameSize in CodeInfoTable 48
  
Threads:
  0x00007f0501d38040 STATUS_IN_JAVA (PREVENT_VM_FROM_REACHING_SAFEPOINT) "main" - 0x00007f05018679d0, stack(0x00007f05a219c001,0x00007f05a229d000)
  
VM thread locals for the failing thread 0x00007f0501d38040:
  0 (8 bytes): JNIThreadLocalEnvironment.jniFunctions = (bytes) 
    0x00007f0501d38040: 0x00007f05016eb010
  8 (8 bytes): StackOverflowCheckImpl.stackBoundaryTL = (Word) 1 (0x0000000000000001)
  16 (4 bytes): Safepoint.safepointRequested = (int) 2147363915 (0x7ffe2c4b)
  20 (4 bytes): StatusSupport.statusTL = (int) 1 (0x00000001)
  24 (32 bytes): ThreadLocalAllocation.regularTLAB = (bytes) 
    0x00007f0501d38058: 0x00007f0501e00000 0x00007f0501f00000
    0x00007f0501d38068: 0x00007f0501e9cd80 0x0000000000000000
  56 (8 bytes): PlatformThreads.currentThread = (Object) java.lang.Thread (0x00007f05018679d0)
  64 (8 bytes): JavaFrameAnchors.lastAnchor = (Word) 0 (0x0000000000000000)
  72 (8 bytes): AccessControlContextStack = (Object) java.util.ArrayDeque (0x00007f0501e01f70)
  80 (8 bytes): ExceptionUnwind.currentException = (Object) null
  88 (8 bytes): IdentityHashCodeSupport.hashCodeGeneratorTL = (Object) java.util.SplittableRandom (0x00007f0501e0f200)
  96 (8 bytes): IsolatedCompileClient.currentClient = (Object) null
  104 (8 bytes): IsolatedCompileContext.currentContext = (Object) null
  112 (8 bytes): JNIObjectHandles.handles = (Object) com.oracle.svm.core.handles.ThreadLocalHandles (0x00007f0501e01378)
  120 (8 bytes): JNIThreadLocalPendingException.pendingException = (Object) null
  128 (8 bytes): JNIThreadLocalPinnedObjects.pinnedObjectsListHead = (Object) null
  136 (8 bytes): JNIThreadOwnedMonitors.ownedMonitors = (Object) null
  144 (8 bytes): NoAllocationVerifier.openVerifiers = (Object) null
  152 (8 bytes): ThreadingSupportImpl.activeTimer = (Object) null
  160 (8 bytes): SubstrateDiagnostics.threadOnlyAttachedForCrashHandler = (bytes) 
    0x00007f0501d380e0: 0x0000000000000000
  168 (8 bytes): ThreadLocalAllocation.allocatedBytes = (Word) 0 (0x0000000000000000)
  176 (8 bytes): VMThreads.IsolateTL = (Word) 139659471486976 (0x00007f0501300000)
  184 (8 bytes): VMThreads.OSThreadHandleTL = (Word) 139662172360704 (0x00007f05a22c1000)
  192 (8 bytes): VMThreads.OSThreadIdTL = (Word) 139662172360704 (0x00007f05a22c1000)
  200 (8 bytes): VMThreads.StackBase = (Word) 139662172213248 (0x00007f05a229d000)
  208 (8 bytes): VMThreads.StackEnd = (Word) 139662171160577 (0x00007f05a219c001)
  216 (8 bytes): VMThreads.StartedByCurrentIsolate = (bytes) 
    0x00007f0501d38118: 0x0000000000000000
  224 (8 bytes): VMThreads.nextTL = (Word) 0 (0x0000000000000000)
  232 (8 bytes): VMThreads.unalignedIsolateThreadMemoryTL = (Word) 139659482202128 (0x00007f0501d38010)
  240 (4 bytes): ActionOnExitSafepointSupport.actionTL = (int) 0 (0x00000000)
  244 (4 bytes): ActionOnTransitionToJavaSupport.actionTL = (int) 0 (0x00000000)
  248 (4 bytes): ImplicitExceptions.implicitExceptionsAreFatal = (int) 0 (0x00000000)
  252 (4 bytes): StackOverflowCheckImpl.yellowZoneStateTL = (int) 2130640638 (0x7efefefe)
  256 (4 bytes): StatusSupport.safepointBehaviorTL = (int) 1 (0x00000001)
  260 (4 bytes): ThreadingSupportImpl.currentPauseDepth = (int) 1 (0x00000001)
  
No VMOperation in progress

The 15 most recent VM operation status changes (oldest first):
  
Counters:
  
Java frame anchors for the failing thread 0x00007f0501d38040:
  No anchors
  
Stacktrace for the failing thread 0x00007f0501d38040:
  SP 0x00007f05a2166980 IP 0x00007f0500109040  [image code] com.oracle.svm.core.jdk.VMErrorSubstitutions.shutdown(VMErrorSubstitutions.java:116)
  SP 0x00007f05a2166980 IP 0x00007f0500109040  [image code] com.oracle.svm.core.jdk.VMErrorSubstitutions.shouldNotReachHere(VMErrorSubstitutions.java:109)
  SP 0x00007f05a21669b0 IP 0x00007f0500149854  [image code] com.oracle.svm.core.util.VMError.shouldNotReachHere(VMError.java:65)
  SP 0x00007f05a21669c0 IP 0x00007f05000f8b0c  [image code] com.oracle.svm.core.graal.snippets.StackOverflowCheckImpl.onYellowZoneMadeAvailable(StackOverflowCheckImpl.java:197)
  SP 0x00007f05a21669e0 IP 0x00007f05000f8e48  [image code] com.oracle.svm.core.graal.snippets.StackOverflowCheckImpl.makeYellowZoneAvailable(StackOverflowCheckImpl.java:172)
  SP 0x00007f05a21669e0 IP 0x00007f05000f8e48  [image code] com.oracle.svm.core.graal.snippets.StackOverflowCheckImpl.throwNewStackOverflowError(StackOverflowCheckImpl.java:308)
  SP 0x00007f05a2166b60 IP 0x00007f0500145e84  [image code] com.oracle.svm.core.thread.VMThreads.detachAllThreadsExceptCurrentWithoutCleanupForTearDown(VMThreads.java:482)
  SP 0x00007f05a2166b80 IP 0x00007f05000c2643  [image code] com.oracle.svm.core.c.function.CEntryPointNativeFunctions.detachAllThreadsAndTearDownIsolate0(CEntryPointNativeFunctions.java:207)
  SP 0x00007f05a2166b80 IP 0x00007f05000c2643  [image code] com.oracle.svm.core.c.function.CEntryPointNativeFunctions.detachAllThreadsAndTearDownIsolate(CEntryPointNativeFunctions.java:200)
  SP 0x00007f05a2166b80 IP 0x00007f05000c2643  [image code] com.oracle.svm.core.code.IsolateEnterStub.CEntryPointNativeFunctions_detachAllThreadsAndTearDownIsolate_803a26f98b4febfb61e3b676ead8b433cc2f21b3(IsolateEnterStub.java:0)
  
VM mutexes:
  mutex "mainVMOperationControlWorkQueue" is unlocked.
  mutex "thread" is unlocked.
  mutex "referencePendingList" is unlocked.
  
AOT compiled code is mapped at 0x00007f050008f000 - 0x00007f050067c69f

Heap settings and statistics:
  Supports isolates: true
  Heap base: 0x00007f0501300000
  Object reference size: 8
  Aligned chunk size: 1048576
  Incremental collections: 0
  Complete collections: 0
  
Native image heap boundaries:
  ReadOnly Primitives: 0x00007f0501401028 - 0x00007f0501570848
  ReadOnly References: 0x00007f0501570848 - 0x00007f05016ea1c8
  ReadOnly Relocatables: 0x00007f05016eb000 - 0x00007f0501783c98
  Writable Primitives: 0x00007f0501784000 - 0x00007f0501806930
  Writable References: 0x00007f0501806930 - 0x00007f0501a810f8
  Writable Huge: 0x00007f0501b00030 - 0x00007f0501b36468
  ReadOnly Huge: 0x00007f0501b37030 - 0x00007f0501c76ba0

Heap:
  Young generation: 
    Eden: 
      edenSpace:
        aligned: 0/0 unaligned: 0/0
    Survivors: 
      Survivor-1 From:
        aligned: 0/0 unaligned: 0/0
      Survivor-1 To:
        aligned: 0/0 unaligned: 0/0
      Survivor-2 From:
        aligned: 0/0 unaligned: 0/0
      Survivor-2 To:
        aligned: 0/0 unaligned: 0/0
      Survivor-3 From:
        aligned: 0/0 unaligned: 0/0
      Survivor-3 To:
        aligned: 0/0 unaligned: 0/0
      Survivor-4 From:
        aligned: 0/0 unaligned: 0/0
      Survivor-4 To:
        aligned: 0/0 unaligned: 0/0
      Survivor-5 From:
        aligned: 0/0 unaligned: 0/0
      Survivor-5 To:
        aligned: 0/0 unaligned: 0/0
      Survivor-6 From:
        aligned: 0/0 unaligned: 0/0
      Survivor-6 To:
        aligned: 0/0 unaligned: 0/0
      Survivor-7 From:
        aligned: 0/0 unaligned: 0/0
      Survivor-7 To:
        aligned: 0/0 unaligned: 0/0
      Survivor-8 From:
        aligned: 0/0 unaligned: 0/0
      Survivor-8 To:
        aligned: 0/0 unaligned: 0/0
      Survivor-9 From:
        aligned: 0/0 unaligned: 0/0
      Survivor-9 To:
        aligned: 0/0 unaligned: 0/0
      Survivor-10 From:
        aligned: 0/0 unaligned: 0/0
      Survivor-10 To:
        aligned: 0/0 unaligned: 0/0
      Survivor-11 From:
        aligned: 0/0 unaligned: 0/0
      Survivor-11 To:
        aligned: 0/0 unaligned: 0/0
      Survivor-12 From:
        aligned: 0/0 unaligned: 0/0
      Survivor-12 To:
        aligned: 0/0 unaligned: 0/0
      Survivor-13 From:
        aligned: 0/0 unaligned: 0/0
      Survivor-13 To:
        aligned: 0/0 unaligned: 0/0
      Survivor-14 From:
        aligned: 0/0 unaligned: 0/0
      Survivor-14 To:
        aligned: 0/0 unaligned: 0/0
      Survivor-15 From:
        aligned: 0/0 unaligned: 0/0
      Survivor-15 To:
        aligned: 0/0 unaligned: 0/0
  Old generation: 
    oldFromSpace:
      aligned: 0/0 unaligned: 0/0
    oldToSpace:
      aligned: 0/0 unaligned: 0/0
    
  Unused:
    aligned: 0/0

Fatal error: StackOverflowError: Enabling the yellow zone of the stack did not make any stack space available. Possible reasons for that: 1) A call from native code to Java code provided the wrong JNI environment or the wrong IsolateThread; 2) Frames of native code filled the stack, and now there is not even enough stack space left to throw a regular StackOverflowError; 3) An internal VM error occurred.
Finished local run.
